{"C:\\Users\\21658\\Desktop\\notes-api-devops\\server.js": {"path":"C:\\Users\\21658\\Desktop\\notes-api-devops\\server.js","statementMap":{"0":{"start":{"line":1,"column":16},"end":{"line":1,"column":34}},"1":{"start":{"line":2,"column":23},"end":{"line":2,"column":38}},"2":{"start":{"line":3,"column":15},"end":{"line":3,"column":37}},"3":{"start":{"line":5,"column":12},"end":{"line":5,"column":21}},"4":{"start":{"line":6,"column":0},"end":{"line":6,"column":24}},"5":{"start":{"line":9,"column":12},"end":{"line":9,"column":14}},"6":{"start":{"line":10,"column":19},"end":{"line":10,"column":20}},"7":{"start":{"line":13,"column":30},"end":{"line":13,"column":58}},"8":{"start":{"line":14,"column":0},"end":{"line":14,"column":24}},"9":{"start":{"line":16,"column":27},"end":{"line":20,"column":2}},"10":{"start":{"line":22,"column":20},"end":{"line":25,"column":2}},"11":{"start":{"line":29,"column":2},"end":{"line":35,"column":4}},"12":{"start":{"line":39,"column":0},"end":{"line":60,"column":3}},"13":{"start":{"line":40,"column":18},"end":{"line":40,"column":26}},"14":{"start":{"line":41,"column":2},"end":{"line":41,"column":24}},"15":{"start":{"line":42,"column":2},"end":{"line":42,"column":29}},"16":{"start":{"line":43,"column":2},"end":{"line":43,"column":17}},"17":{"start":{"line":45,"column":2},"end":{"line":45,"column":52}},"18":{"start":{"line":47,"column":2},"end":{"line":57,"column":5}},"19":{"start":{"line":48,"column":21},"end":{"line":48,"column":47}},"20":{"start":{"line":50,"column":4},"end":{"line":50,"column":65}},"21":{"start":{"line":53,"column":4},"end":{"line":55,"column":13}},"22":{"start":{"line":56,"column":4},"end":{"line":56,"column":47}},"23":{"start":{"line":59,"column":2},"end":{"line":59,"column":9}},"24":{"start":{"line":64,"column":0},"end":{"line":74,"column":3}},"25":{"start":{"line":65,"column":13},"end":{"line":65,"column":21}},"26":{"start":{"line":66,"column":15},"end":{"line":70,"column":3}},"27":{"start":{"line":72,"column":2},"end":{"line":72,"column":19}},"28":{"start":{"line":73,"column":2},"end":{"line":73,"column":29}},"29":{"start":{"line":76,"column":0},"end":{"line":78,"column":3}},"30":{"start":{"line":77,"column":2},"end":{"line":77,"column":33}},"31":{"start":{"line":80,"column":0},"end":{"line":84,"column":3}},"32":{"start":{"line":81,"column":15},"end":{"line":81,"column":35}},"33":{"start":{"line":82,"column":2},"end":{"line":82,"column":65}},"34":{"start":{"line":82,"column":13},"end":{"line":82,"column":65}},"35":{"start":{"line":83,"column":2},"end":{"line":83,"column":17}},"36":{"start":{"line":86,"column":0},"end":{"line":94,"column":3}},"37":{"start":{"line":87,"column":15},"end":{"line":87,"column":35}},"38":{"start":{"line":88,"column":2},"end":{"line":88,"column":65}},"39":{"start":{"line":88,"column":13},"end":{"line":88,"column":65}},"40":{"start":{"line":90,"column":2},"end":{"line":90,"column":44}},"41":{"start":{"line":91,"column":2},"end":{"line":91,"column":50}},"42":{"start":{"line":93,"column":2},"end":{"line":93,"column":17}},"43":{"start":{"line":96,"column":0},"end":{"line":102,"column":3}},"44":{"start":{"line":97,"column":15},"end":{"line":97,"column":35}},"45":{"start":{"line":98,"column":2},"end":{"line":98,"column":65}},"46":{"start":{"line":98,"column":13},"end":{"line":98,"column":65}},"47":{"start":{"line":100,"column":2},"end":{"line":100,"column":30}},"48":{"start":{"line":101,"column":2},"end":{"line":101,"column":35}},"49":{"start":{"line":105,"column":0},"end":{"line":110,"column":3}},"50":{"start":{"line":106,"column":2},"end":{"line":109,"column":5}},"51":{"start":{"line":113,"column":0},"end":{"line":116,"column":3}},"52":{"start":{"line":114,"column":2},"end":{"line":114,"column":55}},"53":{"start":{"line":115,"column":2},"end":{"line":115,"column":43}},"54":{"start":{"line":119,"column":0},"end":{"line":121,"column":3}},"55":{"start":{"line":120,"column":2},"end":{"line":120,"column":34}},"56":{"start":{"line":124,"column":13},"end":{"line":124,"column":37}},"57":{"start":{"line":125,"column":0},"end":{"line":129,"column":1}},"58":{"start":{"line":126,"column":2},"end":{"line":128,"column":5}},"59":{"start":{"line":127,"column":4},"end":{"line":127,"column":47}},"60":{"start":{"line":131,"column":0},"end":{"line":131,"column":21}}},"fnMap":{"0":{"name":"log","decl":{"start":{"line":28,"column":9},"end":{"line":28,"column":12}},"loc":{"start":{"line":28,"column":31},"end":{"line":36,"column":1}},"line":28},"1":{"name":"(anonymous_1)","decl":{"start":{"line":39,"column":8},"end":{"line":39,"column":9}},"loc":{"start":{"line":39,"column":28},"end":{"line":60,"column":1}},"line":39},"2":{"name":"(anonymous_2)","decl":{"start":{"line":47,"column":19},"end":{"line":47,"column":20}},"loc":{"start":{"line":47,"column":25},"end":{"line":57,"column":3}},"line":47},"3":{"name":"(anonymous_3)","decl":{"start":{"line":64,"column":19},"end":{"line":64,"column":20}},"loc":{"start":{"line":64,"column":33},"end":{"line":74,"column":1}},"line":64},"4":{"name":"(anonymous_4)","decl":{"start":{"line":76,"column":18},"end":{"line":76,"column":19}},"loc":{"start":{"line":76,"column":32},"end":{"line":78,"column":1}},"line":76},"5":{"name":"(anonymous_5)","decl":{"start":{"line":80,"column":22},"end":{"line":80,"column":23}},"loc":{"start":{"line":80,"column":36},"end":{"line":84,"column":1}},"line":80},"6":{"name":"(anonymous_6)","decl":{"start":{"line":86,"column":22},"end":{"line":86,"column":23}},"loc":{"start":{"line":86,"column":36},"end":{"line":94,"column":1}},"line":86},"7":{"name":"(anonymous_7)","decl":{"start":{"line":96,"column":25},"end":{"line":96,"column":26}},"loc":{"start":{"line":96,"column":39},"end":{"line":102,"column":1}},"line":96},"8":{"name":"(anonymous_8)","decl":{"start":{"line":105,"column":26},"end":{"line":105,"column":27}},"loc":{"start":{"line":105,"column":40},"end":{"line":110,"column":1}},"line":105},"9":{"name":"(anonymous_9)","decl":{"start":{"line":113,"column":20},"end":{"line":113,"column":21}},"loc":{"start":{"line":113,"column":40},"end":{"line":116,"column":1}},"line":113},"10":{"name":"(anonymous_10)","decl":{"start":{"line":119,"column":19},"end":{"line":119,"column":20}},"loc":{"start":{"line":119,"column":33},"end":{"line":121,"column":1}},"line":119},"11":{"name":"(anonymous_11)","decl":{"start":{"line":126,"column":19},"end":{"line":126,"column":20}},"loc":{"start":{"line":126,"column":25},"end":{"line":128,"column":3}},"line":126}},"branchMap":{"0":{"loc":{"start":{"line":54,"column":26},"end":{"line":54,"column":63}},"type":"cond-expr","locations":[{"start":{"line":54,"column":38},"end":{"line":54,"column":52}},{"start":{"line":54,"column":55},"end":{"line":54,"column":63}}],"line":54},"1":{"loc":{"start":{"line":82,"column":2},"end":{"line":82,"column":65}},"type":"if","locations":[{"start":{"line":82,"column":2},"end":{"line":82,"column":65}},{"start":{},"end":{}}],"line":82},"2":{"loc":{"start":{"line":88,"column":2},"end":{"line":88,"column":65}},"type":"if","locations":[{"start":{"line":88,"column":2},"end":{"line":88,"column":65}},{"start":{},"end":{}}],"line":88},"3":{"loc":{"start":{"line":90,"column":15},"end":{"line":90,"column":43}},"type":"binary-expr","locations":[{"start":{"line":90,"column":15},"end":{"line":90,"column":29}},{"start":{"line":90,"column":33},"end":{"line":90,"column":43}}],"line":90},"4":{"loc":{"start":{"line":91,"column":17},"end":{"line":91,"column":49}},"type":"binary-expr","locations":[{"start":{"line":91,"column":17},"end":{"line":91,"column":33}},{"start":{"line":91,"column":37},"end":{"line":91,"column":49}}],"line":91},"5":{"loc":{"start":{"line":98,"column":2},"end":{"line":98,"column":65}},"type":"if","locations":[{"start":{"line":98,"column":2},"end":{"line":98,"column":65}},{"start":{},"end":{}}],"line":98},"6":{"loc":{"start":{"line":124,"column":13},"end":{"line":124,"column":37}},"type":"binary-expr","locations":[{"start":{"line":124,"column":13},"end":{"line":124,"column":29}},{"start":{"line":124,"column":33},"end":{"line":124,"column":37}}],"line":124},"7":{"loc":{"start":{"line":125,"column":0},"end":{"line":129,"column":1}},"type":"if","locations":[{"start":{"line":125,"column":0},"end":{"line":129,"column":1}},{"start":{},"end":{}}],"line":125}},"s":{"0":1,"1":1,"2":1,"3":1,"4":1,"5":1,"6":1,"7":1,"8":1,"9":1,"10":1,"11":18,"12":1,"13":9,"14":9,"15":9,"16":9,"17":9,"18":9,"19":9,"20":9,"21":9,"22":9,"23":9,"24":1,"25":1,"26":1,"27":1,"28":1,"29":1,"30":1,"31":1,"32":2,"33":2,"34":1,"35":1,"36":1,"37":1,"38":1,"39":0,"40":1,"41":1,"42":1,"43":1,"44":1,"45":1,"46":0,"47":1,"48":1,"49":1,"50":1,"51":1,"52":1,"53":1,"54":1,"55":1,"56":1,"57":1,"58":0,"59":0,"60":1},"f":{"0":18,"1":9,"2":9,"3":1,"4":1,"5":2,"6":1,"7":1,"8":1,"9":1,"10":1,"11":0},"b":{"0":[9,0],"1":[1,1],"2":[0,1],"3":[1,0],"4":[1,1],"5":[0,1],"6":[1,1],"7":[0,1]},"_coverageSchema":"1a1c01bbd47fc00a2c39e90264f33305004495a9","hash":"df1399c3491a5b2bb77f235abc0c5d22ea6926c6"}
}
