TN:
SF:server.js
FN:28,log
FN:39,(anonymous_1)
FN:47,(anonymous_2)
FN:64,(anonymous_3)
FN:76,(anonymous_4)
FN:80,(anonymous_5)
FN:86,(anonymous_6)
FN:96,(anonymous_7)
FN:105,(anonymous_8)
FN:113,(anonymous_9)
FN:119,(anonymous_10)
FN:126,(anonymous_11)
FNF:12
FNH:11
FNDA:18,log
FNDA:9,(anonymous_1)
FNDA:9,(anonymous_2)
FNDA:1,(anonymous_3)
FNDA:1,(anonymous_4)
FNDA:2,(anonymous_5)
FNDA:1,(anonymous_6)
FNDA:1,(anonymous_7)
FNDA:1,(anonymous_8)
FNDA:1,(anonymous_9)
FNDA:1,(anonymous_10)
FNDA:0,(anonymous_11)
DA:1,1
DA:2,1
DA:3,1
DA:5,1
DA:6,1
DA:9,1
DA:10,1
DA:13,1
DA:14,1
DA:16,1
DA:22,1
DA:29,18
DA:39,1
DA:40,9
DA:41,9
DA:42,9
DA:43,9
DA:45,9
DA:47,9
DA:48,9
DA:50,9
DA:53,9
DA:56,9
DA:59,9
DA:64,1
DA:65,1
DA:66,1
DA:72,1
DA:73,1
DA:76,1
DA:77,1
DA:80,1
DA:81,2
DA:82,2
DA:83,1
DA:86,1
DA:87,1
DA:88,1
DA:90,1
DA:91,1
DA:93,1
DA:96,1
DA:97,1
DA:98,1
DA:100,1
DA:101,1
DA:105,1
DA:106,1
DA:113,1
DA:114,1
DA:115,1
DA:119,1
DA:120,1
DA:124,1
DA:125,1
DA:126,0
DA:127,0
DA:131,1
LF:58
LH:56
BRDA:54,0,0,9
BRDA:54,0,1,0
BRDA:82,1,0,1
BRDA:82,1,1,1
BRDA:88,2,0,0
BRDA:88,2,1,1
BRDA:90,3,0,1
BRDA:90,3,1,0
BRDA:91,4,0,1
BRDA:91,4,1,1
BRDA:98,5,0,0
BRDA:98,5,1,1
BRDA:124,6,0,1
BRDA:124,6,1,1
BRDA:125,7,0,0
BRDA:125,7,1,1
BRF:16
BRH:11
end_of_record
